C51 COMPILER V9.01   KEY                                                                   01/08/2019 21:00:42 PAGE 1   


C51 COMPILER V9.01, COMPILATION OF MODULE KEY
OBJECT MODULE PLACED IN .\obj\KEY.obj
COMPILER INVOKED BY: C:\Keil_v5\C51\BIN\C51.EXE user\KEY.c LARGE OPTIMIZE(8,SPEED) BROWSE DEBUG OBJECTEXTEND PRINT(.\obj
                    -\KEY.lst) OBJECT(.\obj\KEY.obj)

line level    source

   1          #include"STC12C5A60S2.H" //芯片头文件
   2          typedef unsigned char uchar;
   3          typedef unsigned int  uint; 
   4          //定义按键管脚
   5          sbit key_left = P1^5;
   6          sbit key_middle = P1^6;
   7          sbit key_right = P1^7;
   8          
   9          //全局变量
  10          unsigned char key_flag = 0;
  11          extern void delay(uint i);
  12          //按键扫描函数
  13          void key_scan()
  14          {       
  15   1              if(key_left == 0)
  16   1          {
  17   2             delay(10);
  18   2             while(!key_left)
  19   2             key_flag = 1;
  20   2      
  21   2          }
  22   1          else if(key_middle == 0)
  23   1          {
  24   2             delay(10);
  25   2             while(!key_middle)
  26   2             key_flag = 2;        
  27   2          }
  28   1          else if(key_right == 0)
  29   1          {
  30   2             delay(10);
  31   2             while(!key_right)
  32   2             key_flag = 3;        
  33   2          }
  34   1          else
  35   1          {
  36   2              key_flag = 0;
  37   2          } 
  38   1      
  39   1      }


MODULE INFORMATION:   STATIC OVERLAYABLE
   CODE SIZE        =     69    ----
   CONSTANT SIZE    =   ----    ----
   XDATA SIZE       =      1    ----
   PDATA SIZE       =   ----    ----
   DATA SIZE        =   ----    ----
   IDATA SIZE       =   ----    ----
   BIT SIZE         =   ----    ----
END OF MODULE INFORMATION.


C51 COMPILATION COMPLETE.  0 WARNING(S),  0 ERROR(S)
